<?xml version="1.0" encoding="UTF-8"?>
<testsuite xmlns:xsi="http://www.w3.org/2001/XMLSchema-instance" xsi:noNamespaceSchemaLocation="https://maven.apache.org/surefire/maven-surefire-plugin/xsd/surefire-test-report-3.0.xsd" version="3.0" name="com.docencia.restejercicio.service.UserServiceTest" time="0.02" tests="5" errors="5" skipped="0" failures="0">
  <properties>
[...]
</properties>
  <testcase name="getAllUsersTest" classname="com.docencia.restejercicio.service.UserServiceTest" time="0.008">
    <error message="Cannot invoke &quot;java.util.List.size()&quot; because &quot;users&quot; is null" type="java.lang.NullPointerException"><![CDATA[java.lang.NullPointerException: Cannot invoke "java.util.List.size()" because "users" is null
	at com.docencia.restejercicio.service.UserServiceTest.getAllUsersTest(UserServiceTest.java:29)
	at java.base/java.lang.reflect.Method.invoke(Method.java:565)
	at java.base/java.util.ArrayList.forEach(ArrayList.java:1604)
	at java.base/java.util.ArrayList.forEach(ArrayList.java:1604)
]]></error>
  </testcase>
  <testcase name="getByIdExistingUserTest" classname="com.docencia.restejercicio.service.UserServiceTest" time="0.001">
    <error message="Cannot invoke &quot;java.util.List.get(int)&quot; because the return value of &quot;com.docencia.restejercicio.service.UserService.getAll()&quot; is null" type="java.lang.NullPointerException"><![CDATA[java.lang.NullPointerException: Cannot invoke "java.util.List.get(int)" because the return value of "com.docencia.restejercicio.service.UserService.getAll()" is null
	at com.docencia.restejercicio.service.UserServiceTest.getByIdExistingUserTest(UserServiceTest.java:34)
	at java.base/java.lang.reflect.Method.invoke(Method.java:565)
	at java.base/java.util.ArrayList.forEach(ArrayList.java:1604)
	at java.base/java.util.ArrayList.forEach(ArrayList.java:1604)
]]></error>
  </testcase>
  <testcase name="updateExistingUserTest" classname="com.docencia.restejercicio.service.UserServiceTest" time="0.001">
    <error message="Cannot invoke &quot;java.util.List.get(int)&quot; because the return value of &quot;com.docencia.restejercicio.service.UserService.getAll()&quot; is null" type="java.lang.NullPointerException"><![CDATA[java.lang.NullPointerException: Cannot invoke "java.util.List.get(int)" because the return value of "com.docencia.restejercicio.service.UserService.getAll()" is null
	at com.docencia.restejercicio.service.UserServiceTest.updateExistingUserTest(UserServiceTest.java:52)
	at java.base/java.lang.reflect.Method.invoke(Method.java:565)
	at java.base/java.util.ArrayList.forEach(ArrayList.java:1604)
	at java.base/java.util.ArrayList.forEach(ArrayList.java:1604)
]]></error>
  </testcase>
  <testcase name="createNewUserTest" classname="com.docencia.restejercicio.service.UserServiceTest" time="0.001">
    <error message="Cannot invoke &quot;com.docencia.restejercicio.model.User.getId()&quot; because &quot;created&quot; is null" type="java.lang.NullPointerException"><![CDATA[java.lang.NullPointerException: Cannot invoke "com.docencia.restejercicio.model.User.getId()" because "created" is null
	at com.docencia.restejercicio.service.UserServiceTest.createNewUserTest(UserServiceTest.java:45)
	at java.base/java.lang.reflect.Method.invoke(Method.java:565)
	at java.base/java.util.ArrayList.forEach(ArrayList.java:1604)
	at java.base/java.util.ArrayList.forEach(ArrayList.java:1604)
]]></error>
  </testcase>
  <testcase name="deleteUserTest" classname="com.docencia.restejercicio.service.UserServiceTest" time="0.001">
    <error message="Cannot invoke &quot;java.util.List.get(int)&quot; because the return value of &quot;com.docencia.restejercicio.service.UserService.getAll()&quot; is null" type="java.lang.NullPointerException"><![CDATA[java.lang.NullPointerException: Cannot invoke "java.util.List.get(int)" because the return value of "com.docencia.restejercicio.service.UserService.getAll()" is null
	at com.docencia.restejercicio.service.UserServiceTest.deleteUserTest(UserServiceTest.java:65)
	at java.base/java.lang.reflect.Method.invoke(Method.java:565)
	at java.base/java.util.ArrayList.forEach(ArrayList.java:1604)
	at java.base/java.util.ArrayList.forEach(ArrayList.java:1604)
]]></error>
  </testcase>
</testsuite>