<?xml version="1.0" encoding="UTF-8"?>
<testsuite xmlns:xsi="http://www.w3.org/2001/XMLSchema-instance" xsi:noNamespaceSchemaLocation="https://maven.apache.org/surefire/maven-surefire-plugin/xsd/surefire-test-report.xsd" version="3.0.2" name="com.docencia.pgv.cliente.SecuredNoticiasCrudTest" time="0.253" tests="5" errors="0" skipped="0" failures="0">
  <properties>
[...]
</properties>
  <testcase name="listarSecuredTest" classname="com.docencia.pgv.cliente.SecuredNoticiasCrudTest" time="0.02">
    <system-out><![CDATA[== SECURED CRUD (max 6 puntos) ==
POST http://localhost:8080/auth/login -> OK (200)
GET http://localhost:8080/api/secured/noticias -> OK (200)
]]></system-out>
  </testcase>
  <testcase name="crearSecuredTest" classname="com.docencia.pgv.cliente.SecuredNoticiasCrudTest" time="0.005">
    <system-out><![CDATA[POST http://localhost:8080/api/secured/noticias -> OK (201)
]]></system-out>
  </testcase>
  <testcase name="obtenerPorIdSecuredTest" classname="com.docencia.pgv.cliente.SecuredNoticiasCrudTest" time="0.005">
    <system-out><![CDATA[GET http://localhost:8080/api/secured/noticias/2 -> OK (200)
]]></system-out>
  </testcase>
  <testcase name="actualizarSecuredTest" classname="com.docencia.pgv.cliente.SecuredNoticiasCrudTest" time="0.006">
    <system-out><![CDATA[PUT http://localhost:8080/api/secured/noticias/2 -> OK (200)
]]></system-out>
  </testcase>
  <testcase name="borrarSecuredTest" classname="com.docencia.pgv.cliente.SecuredNoticiasCrudTest" time="0.009">
    <system-out><![CDATA[DELETE http://localhost:8080/api/secured/noticias/2 -> OK (204)
GET http://localhost:8080/api/secured/noticias/2 -> FAIL (200)
]]></system-out>
  </testcase>
</testsuite>